extent_server: getattr 1
extent_server: get 1
extent_server: create inode
extent_server: create inode
extent_server: create inode
extent_server: create inode
extent_server: create inode
extent_server: create inode
extent_server: create inode
extent_server: create inode
extent_server: create inode
extent_server: create inode
extent_server: create inode
extent_server: create inode
extent_server: create inode
extent_server: create inode
extent_server: create inode
extent_server: create inode
extent_server: create inode
extent_server: create inode
RPC STATS: 1:2 6001:2 6002:1 6003:1 6005:19 
extent_server: create inode
extent_server: create inode
extent_server: create inode
extent_server: create inode
extent_server: create inode
extent_server: create inode
extent_server: create inode
extent_server: create inode
extent_server: create inode
extent_server: create inode
extent_server: create inode
extent_server: create inode
extent_server: create inode
extent_server: create inode
extent_server: create inode
extent_server: create inode
extent_server: create inode
extent_server: create inode
extent_server: create inode
extent_server: create inode
extent_server: create inode
extent_server: create inode
extent_server: create inode
extent_server: create inode
extent_server: create inode
RPC STATS: 1:2 6001:2 6002:1 6003:1 6005:44 
extent_server: create inode
extent_server: create inode
extent_server: create inode
extent_server: create inode
extent_server: create inode
extent_server: create inode
extent_server: create inode
extent_server: create inode
extent_server: create inode
extent_server: create inode
extent_server: create inode
extent_server: create inode
extent_server: create inode
extent_server: create inode
extent_server: create inode
extent_server: create inode
extent_server: create inode
extent_server: create inode
extent_server: create inode
extent_server: create inode
extent_server: create inode
extent_server: create inode
extent_server: create inode
extent_server: create inode
extent_server: create inode
RPC STATS: 1:2 6001:2 6002:1 6003:1 6005:69 
extent_server: create inode
extent_server: create inode
extent_server: create inode
extent_server: create inode
extent_server: create inode
extent_server: create inode
extent_server: create inode
extent_server: create inode
extent_server: create inode
extent_server: create inode
extent_server: create inode
extent_server: create inode
extent_server: create inode
extent_server: create inode
extent_server: create inode
extent_server: create inode
extent_server: create inode
extent_server: create inode
extent_server: create inode
extent_server: create inode
extent_server: create inode
extent_server: create inode
extent_server: create inode
extent_server: create inode
extent_server: create inode
RPC STATS: 1:2 6001:2 6002:1 6003:1 6005:94 
extent_server: create inode
extent_server: create inode
extent_server: create inode
extent_server: create inode
extent_server: create inode
extent_server: create inode
extent_server: create inode
extent_server: create inode
extent_server: create inode
extent_server: create inode
extent_server: create inode
extent_server: create inode
extent_server: create inode
extent_server: create inode
extent_server: create inode
extent_server: create inode
extent_server: create inode
extent_server: create inode
extent_server: create inode
extent_server: create inode
extent_server: create inode
extent_server: create inode
extent_server: create inode
extent_server: create inode
extent_server: create inode
RPC STATS: 1:2 6001:2 6002:1 6003:1 6005:119 
extent_server: create inode
extent_server: create inode
extent_server: create inode
extent_server: create inode
extent_server: create inode
extent_server: create inode
extent_server: create inode
extent_server: create inode
extent_server: create inode
extent_server: create inode
extent_server: create inode
extent_server: create inode
extent_server: create inode
extent_server: create inode
extent_server: create inode
extent_server: create inode
extent_server: create inode
extent_server: create inode
extent_server: create inode
extent_server: create inode
extent_server: create inode
extent_server: create inode
extent_server: create inode
extent_server: create inode
extent_server: create inode
RPC STATS: 1:2 6001:2 6002:1 6003:1 6005:144 
extent_server: create inode
extent_server: create inode
extent_server: create inode
extent_server: create inode
extent_server: create inode
extent_server: create inode
extent_server: create inode
extent_server: create inode
extent_server: create inode
extent_server: create inode
extent_server: create inode
extent_server: create inode
extent_server: create inode
extent_server: create inode
extent_server: create inode
extent_server: create inode
extent_server: create inode
extent_server: create inode
extent_server: create inode
extent_server: create inode
extent_server: create inode
extent_server: create inode
extent_server: create inode
extent_server: create inode
extent_server: create inode
RPC STATS: 1:2 6001:2 6002:1 6003:1 6005:169 
extent_server: create inode
extent_server: create inode
extent_server: create inode
extent_server: create inode
extent_server: create inode
extent_server: create inode
extent_server: create inode
extent_server: create inode
extent_server: create inode
extent_server: create inode
extent_server: create inode
extent_server: create inode
extent_server: create inode
extent_server: create inode
extent_server: create inode
extent_server: create inode
extent_server: create inode
extent_server: create inode
extent_server: create inode
extent_server: create inode
extent_server: create inode
extent_server: create inode
extent_server: create inode
extent_server: create inode
extent_server: create inode
RPC STATS: 1:2 6001:2 6002:1 6003:1 6005:194 
extent_server: create inode
extent_server: create inode
extent_server: create inode
extent_server: create inode
extent_server: create inode
extent_server: create inode
extent_server: create inode
extent_server: create inode
extent_server: create inode
extent_server: create inode
extent_server: create inode
extent_server: create inode
extent_server: create inode
extent_server: create inode
extent_server: create inode
extent_server: create inode
extent_server: create inode
extent_server: create inode
extent_server: create inode
extent_server: create inode
extent_server: create inode
extent_server: create inode
extent_server: create inode
extent_server: create inode
extent_server: create inode
RPC STATS: 1:2 6001:2 6002:1 6003:1 6005:219 
extent_server: create inode
extent_server: create inode
extent_server: create inode
extent_server: create inode
extent_server: create inode
extent_server: create inode
extent_server: create inode
extent_server: create inode
extent_server: create inode
extent_server: create inode
extent_server: create inode
extent_server: create inode
extent_server: create inode
extent_server: create inode
extent_server: create inode
extent_server: create inode
extent_server: create inode
extent_server: create inode
extent_server: create inode
extent_server: create inode
extent_server: create inode
extent_server: create inode
extent_server: create inode
extent_server: create inode
extent_server: create inode
RPC STATS: 1:2 6001:2 6002:1 6003:1 6005:244 
extent_server: create inode
extent_server: create inode
extent_server: create inode
extent_server: create inode
extent_server: create inode
extent_server: create inode
extent_server: create inode
extent_server: create inode
extent_server: create inode
extent_server: get 253
extent_server: getattr 253
extent_server: get 253
extent_server: create inode
extent_server: get 254
extent_server: get 254
extent_server: getattr 254
extent_server: getattr 254
extent_server: get 254
extent_server: getattr 253
extent_server: get 253
RPC STATS: 1:2 6001:7 6002:8 6003:5 6005:253 
extent_server: get 253
extent_server: getattr 253
extent_server: getattr 253
extent_server: get 253
extent_server: get 253
extent_server: getattr 253
extent_server: getattr 253
extent_server: get 253
extent_server: getattr 253
extent_server: get 253
extent_server: getattr 253
extent_server: get 253
extent_server: create inode
extent_server: get 255
extent_server: create inode
extent_server: get 256
extent_server: getattr 256
extent_server: create inode
extent_server: get 257
RPC STATS: 1:2 6001:14 6002:16 6003:12 6005:256 
extent_server: getattr 257
extent_server: get 257
extent_server: getattr 257
extent_server: create inode
extent_server: get 258
extent_server: create inode
extent_server: get 259
extent_server: create inode
extent_server: get 260
extent_server: create inode
extent_server: get 261
extent_server: create inode
extent_server: get 262
extent_server: create inode
extent_server: get 263
extent_server: create inode
extent_server: get 264
RPC STATS: 1:2 6001:22 6002:24 6003:14 6005:263 
extent_server: create inode
extent_server: get 265
extent_server: create inode
extent_server: get 266
extent_server: create inode
extent_server: get 267
extent_server: create inode
extent_server: get 268
extent_server: getattr 267
extent_server: get 267
extent_server: getattr 262
extent_server: create inode
extent_server: get 269
extent_server: getattr 266
extent_server: create inode
extent_server: get 270
extent_server: getattr 265
extent_server: getattr 270
RPC STATS: 1:2 6001:28 6002:32 6003:19 6005:269 
extent_server: get 270
extent_server: create inode
extent_server: get 271
extent_server: getattr 271
extent_server: get 271
extent_server: getattr 271
extent_server: create inode
extent_server: get 272
extent_server: getattr 268
extent_server: get 257
extent_server: getattr 257
extent_server: getattr 272
extent_server: get 272
extent_server: create inode
extent_server: get 273
extent_server: create inode
extent_server: get 274
extent_server: create inode
extent_server: get 275
RPC STATS: 1:2 6001:35 6002:40 6003:24 6005:274 
extent_server: create inode
extent_server: get 276
extent_server: getattr 273
extent_server: create inode
extent_server: get 277
extent_server: getattr 258
extent_server: get 258
extent_server: get 257
extent_server: getattr 257
extent_server: create inode
extent_server: get 278
extent_server: create inode
extent_server: get 279
extent_server: getattr 275
extent_server: create inode
extent_server: get 280
extent_server: getattr 276
extent_server: getattr 279
RPC STATS: 1:2 6001:41 6002:48 6003:30 6005:279 
extent_server: get 279
extent_server: create inode
extent_server: get 281
extent_server: getattr 264
extent_server: create inode
extent_server: get 282
extent_server: create inode
extent_server: get 283
extent_server: getattr 269
extent_server: getattr 261
extent_server: get 261
extent_server: getattr 261
extent_server: getattr 260
extent_server: create inode
extent_server: get 284
extent_server: create inode
extent_server: get 285
extent_server: getattr 259
extent_server: getattr 285
RPC STATS: 1:2 6001:47 6002:54 6003:37 6005:285 
extent_server: create inode
extent_server: get 286
extent_server: create inode
extent_server: get 287
extent_server: getattr 274
extent_server: create inode
extent_server: get 288
extent_server: getattr 282
extent_server: create inode
extent_server: get 289
extent_server: getattr 283
extent_server: create inode
extent_server: get 290
extent_server: create inode
extent_server: get 291
extent_server: getattr 290
extent_server: getattr 281
extent_server: get 281
extent_server: getattr 284
RPC STATS: 1:2 6001:53 6002:62 6003:43 6005:290 
extent_server: get 284
extent_server: getattr 284
extent_server: create inode
extent_server: get 292
extent_server: getattr 291
extent_server: create inode
extent_server: get 293
extent_server: getattr 287
extent_server: get 287
extent_server: create inode
extent_server: get 294
extent_server: getattr 263
extent_server: get 263
extent_server: getattr 263
extent_server: getattr 289
extent_server: get 289
extent_server: getattr 292
extent_server: create inode
extent_server: get 295
RPC STATS: 1:2 6001:59 6002:69 6003:51 6005:294 
extent_server: getattr 293
extent_server: getattr 270
extent_server: create inode
extent_server: get 296
extent_server: create inode
extent_server: get 297
extent_server: create inode
extent_server: get 298
extent_server: getattr 296
extent_server: getattr 294
extent_server: getattr 297
extent_server: create inode
extent_server: get 299
extent_server: getattr 288
extent_server: get 288
extent_server: create inode
extent_server: get 300
extent_server: getattr 299
extent_server: getattr 277
RPC STATS: 1:2 6001:65 6002:75 6003:59 6005:299 
extent_server: getattr 278
extent_server: getattr 300
extent_server: getattr 286
extent_server: getattr 298
extent_server: getattr 295
extent_server: getattr 280
extent_server: create inode
extent_server: getattr 301
extent_server: get 301
extent_server: create inode
extent_server: get 302
extent_server: create inode
extent_server: getattr 303
extent_server: get 303
extent_server: getattr 302
extent_server: create inode
extent_server: getattr 1
extent_server: get 1
extent_server: getattr 301
extent_server: getattr 303
extent_server: getattr 304
RPC STATS: 1:2 6001:69 6002:79 6003:71 6005:304 
extent_server: create inode
extent_server: getattr 305
extent_server: get 305
extent_server: create inode
extent_server: get 306
extent_server: create inode
extent_server: getattr 307
extent_server: get 307
extent_server: getattr 306
extent_server: create inode
extent_server: getattr 1
extent_server: get 1
extent_server: create inode
extent_server: get 309
extent_server: get 309
extent_server: getattr 309
extent_server: get 309
extent_server: getattr 309
RPC STATS: 1:2 6001:76 6002:87 6003:77 6005:308 
extent_server: get 309
extent_server: getattr 309
extent_server: get 309
extent_server: getattr 309
extent_server: get 309
extent_server: getattr 309
extent_server: get 309
extent_server: getattr 309
extent_server: get 309
extent_server: getattr 309
extent_server: get 309
extent_server: getattr 309
extent_server: get 309
extent_server: getattr 309
extent_server: get 309
extent_server: getattr 309
extent_server: get 309
RPC STATS: 1:2 6001:84 6002:95 6003:86 6005:308 
extent_server: getattr 309
extent_server: get 309
extent_server: getattr 309
extent_server: get 309
extent_server: getattr 309
extent_server: get 309
extent_server: getattr 309
extent_server: get 309
extent_server: getattr 309
extent_server: get 309
extent_server: getattr 309
extent_server: get 309
extent_server: getattr 309
extent_server: get 309
extent_server: getattr 309
extent_server: get 309
extent_server: getattr 309
RPC STATS: 1:2 6001:93 6002:103 6003:94 6005:308 
extent_server: get 309
extent_server: getattr 309
extent_server: get 309
extent_server: getattr 309
extent_server: get 309
extent_server: getattr 309
extent_server: get 309
extent_server: getattr 309
extent_server: get 309
extent_server: getattr 309
extent_server: get 309
extent_server: getattr 309
extent_server: get 309
extent_server: getattr 309
extent_server: get 309
extent_server: getattr 309
RPC STATS: 1:2 6001:101 6002:112 6003:102 6005:308 
extent_server: get 309
extent_server: getattr 309
extent_server: get 309
extent_server: getattr 309
extent_server: getattr 309
extent_server: get 309
extent_server: getattr 1
extent_server: get 1
extent_server: create inode
extent_server: get 310
extent_server: get 310
extent_server: getattr 310
extent_server: get 310
extent_server: getattr 310
extent_server: get 310
extent_server: getattr 310
extent_server: get 310
extent_server: getattr 310
RPC STATS: 1:2 6001:109 6002:120 6003:110 6005:309 
extent_server: get 310
extent_server: getattr 310
extent_server: get 310
extent_server: getattr 310
extent_server: get 310
extent_server: getattr 310
extent_server: get 310
extent_server: getattr 310
extent_server: get 310
extent_server: getattr 310
extent_server: get 310
extent_server: getattr 310
extent_server: get 310
extent_server: getattr 310
extent_server: get 310
extent_server: getattr 310
RPC STATS: 1:2 6001:117 6002:129 6003:118 6005:309 
extent_server: get 310
extent_server: getattr 310
extent_server: get 310
extent_server: getattr 310
extent_server: get 310
extent_server: getattr 310
extent_server: get 310
extent_server: getattr 310
extent_server: get 310
extent_server: getattr 310
extent_server: get 310
extent_server: getattr 310
extent_server: get 310
extent_server: getattr 310
extent_server: get 310
extent_server: getattr 310
extent_server: get 310
RPC STATS: 1:2 6001:125 6002:137 6003:127 6005:309 
extent_server: getattr 310
extent_server: get 310
extent_server: getattr 310
extent_server: get 310
extent_server: getattr 310
extent_server: get 310
extent_server: getattr 310
extent_server: get 310
extent_server: getattr 310
extent_server: get 310
extent_server: getattr 310
extent_server: get 310
extent_server: getattr 310
extent_server: get 310
extent_server: getattr 310
extent_server: get 310
extent_server: getattr 310
RPC STATS: 1:2 6001:134 6002:145 6003:135 6005:309 
extent_server: getattr 310
extent_server: get 310
extent_server: getattr 1
extent_server: get 1
extent_server: create inode
extent_server: getattr 1
extent_server: get 1
extent_server: getattr 311
extent_server: getattr 1
extent_server: get 1
extent_server: getattr 311
extent_server: get 311
extent_server: create inode
extent_server: get 312
extent_server: getattr 1
extent_server: get 1
extent_server: getattr 311
extent_server: get 311
extent_server: getattr 312
extent_server: get 312
RPC STATS: 1:2 6001:138 6002:154 6003:145 6005:311 
extent_server: getattr 1
extent_server: get 1
extent_server: getattr 311
extent_server: get 311
extent_server: getattr 312
extent_server: get 312
extent_server: getattr 1
extent_server: get 1
extent_server: getattr 311
extent_server: get 311
extent_server: getattr 312
extent_server: getattr 1
extent_server: get 1
extent_server: getattr 311
extent_server: get 311
extent_server: create inode
extent_server: get 313
extent_server: getattr 313
extent_server: getattr 1
extent_server: get 1
extent_server: getattr 311
extent_server: get 311
RPC STATS: 1:2 6001:141 6002:164 6003:156 6005:312 
extent_server: getattr 1
extent_server: get 1
extent_server: getattr 311
extent_server: get 311
extent_server: create inode
extent_server: get 314
extent_server: getattr 1
extent_server: get 1
extent_server: getattr 311
extent_server: get 311
extent_server: getattr 314
extent_server: getattr 1
extent_server: get 1
extent_server: getattr 311
extent_server: get 311
extent_server: getattr 1
extent_server: get 1
extent_server: getattr 311
extent_server: get 311
extent_server: getattr 1
extent_server: get 1
extent_server: getattr 311
RPC STATS: 1:2 6001:144 6002:175 6003:166 6005:313 
extent_server: get 311
extent_server: create inode
extent_server: get 315
extent_server: getattr 1
extent_server: get 1
extent_server: getattr 311
extent_server: get 311
extent_server: getattr 315
extent_server: get 315
extent_server: getattr 1
extent_server: get 1
extent_server: getattr 311
extent_server: get 311
extent_server: getattr 315
extent_server: get 315
extent_server: getattr 1
extent_server: get 1
extent_server: getattr 311
extent_server: get 311
extent_server: create inode
extent_server: get 316
RPC STATS: 1:2 6001:148 6002:185 6003:175 6005:315 
extent_server: getattr 316
extent_server: getattr 1
extent_server: get 1
extent_server: getattr 311
extent_server: get 311
extent_server: getattr 1
extent_server: get 1
extent_server: getattr 311
extent_server: get 311
extent_server: create inode
extent_server: get 317
extent_server: getattr 1
extent_server: get 1
extent_server: getattr 311
extent_server: get 311
extent_server: getattr 317
extent_server: get 317
extent_server: getattr 1
extent_server: get 1
extent_server: getattr 311
extent_server: get 311
RPC STATS: 1:2 6001:152 6002:195 6003:185 6005:316 
extent_server: getattr 317
extent_server: get 317
extent_server: getattr 1
extent_server: get 1
extent_server: getattr 311
extent_server: get 311
extent_server: getattr 317
extent_server: get 317
extent_server: getattr 1
extent_server: get 1
extent_server: getattr 311
extent_server: get 311
extent_server: getattr 317
extent_server: get 317
extent_server: getattr 1
extent_server: get 1
extent_server: getattr 311
extent_server: get 311
extent_server: getattr 1
extent_server: get 1
extent_server: getattr 311
extent_server: get 311
extent_server: getattr 1
extent_server: get 1
RPC STATS: 1:2 6001:153 6002:207 6003:197 6005:316 
extent_server: getattr 311
extent_server: get 311
extent_server: getattr 317
extent_server: getattr 1
extent_server: get 1
extent_server: getattr 311
extent_server: get 311
extent_server: create inode
extent_server: get 318
extent_server: getattr 1
extent_server: get 1
extent_server: getattr 311
extent_server: get 311
extent_server: create inode
extent_server: get 319
extent_server: getattr 1
extent_server: get 1
extent_server: getattr 311
extent_server: get 311
extent_server: getattr 318
RPC STATS: 1:2 6001:158 6002:216 6003:206 6005:318 
extent_server: getattr 1
extent_server: get 1
extent_server: getattr 311
extent_server: get 311
extent_server: getattr 1
extent_server: get 1
extent_server: getattr 311
extent_server: get 311
extent_server: getattr 319
extent_server: getattr 1
extent_server: get 1
extent_server: getattr 311
extent_server: get 311
extent_server: getattr 1
extent_server: get 1
extent_server: getattr 311
extent_server: get 311
extent_server: getattr 1
extent_server: get 1
extent_server: getattr 311
extent_server: get 311
extent_server: create inode
extent_server: get 320
RPC STATS: 1:2 6001:161 6002:227 6003:216 6005:319 
extent_server: create inode
extent_server: get 321
extent_server: create inode
extent_server: get 322
extent_server: create inode
extent_server: get 323
extent_server: create inode
extent_server: get 324
extent_server: create inode
extent_server: get 325
extent_server: create inode
extent_server: get 326
extent_server: create inode
extent_server: get 327
extent_server: create inode
extent_server: get 328
RPC STATS: 1:2 6001:169 6002:235 6003:216 6005:328 
extent_server: create inode
extent_server: get 329
extent_server: getattr 1
extent_server: get 1
extent_server: getattr 311
extent_server: get 311
extent_server: create inode
extent_server: get 330
extent_server: create inode
extent_server: get 331
extent_server: create inode
extent_server: get 332
extent_server: create inode
extent_server: get 333
extent_server: create inode
extent_server: get 334
extent_server: create inode
extent_server: get 335
RPC STATS: 1:2 6001:177 6002:244 6003:218 6005:334 
extent_server: create inode
extent_server: get 336
extent_server: create inode
extent_server: get 337
extent_server: create inode
extent_server: get 338
extent_server: create inode
extent_server: get 339
extent_server: getattr 330
extent_server: get 330
extent_server: getattr 331
extent_server: get 331
extent_server: getattr 332
extent_server: get 332
extent_server: getattr 333
extent_server: get 333
extent_server: getattr 334
extent_server: get 334
extent_server: getattr 335
extent_server: get 335
RPC STATS: 1:2 6001:181 6002:254 6003:225 6005:338 
extent_server: getattr 336
extent_server: get 336
extent_server: getattr 337
extent_server: get 337
extent_server: getattr 338
extent_server: get 338
extent_server: getattr 339
extent_server: get 339
extent_server: getattr 320
extent_server: get 320
extent_server: getattr 321
extent_server: get 321
extent_server: getattr 322
extent_server: get 322
extent_server: getattr 323
extent_server: get 323
extent_server: getattr 324
extent_server: get 324
extent_server: getattr 325
extent_server: get 325
extent_server: getattr 326
extent_server: get 326
extent_server: getattr 327
extent_server: get 327
extent_server: getattr 328
RPC STATS: 1:2 6001:181 6002:267 6003:237 6005:338 
extent_server: get 328
extent_server: getattr 329
extent_server: get 329
extent_server: getattr 1
extent_server: get 1
extent_server: getattr 311
extent_server: get 311
extent_server: getattr 320
extent_server: get 320
extent_server: getattr 321
extent_server: get 321
extent_server: getattr 322
extent_server: get 322
extent_server: getattr 323
extent_server: get 323
extent_server: getattr 324
extent_server: get 324
extent_server: getattr 325
extent_server: get 325
extent_server: getattr 326
extent_server: get 326
extent_server: getattr 327
extent_server: get 327
extent_server: getattr 328
RPC STATS: 1:2 6001:182 6002:279 6003:249 6005:338 
extent_server: get 328
extent_server: getattr 329
extent_server: get 329
extent_server: getattr 330
extent_server: get 330
extent_server: getattr 331
extent_server: get 331
extent_server: getattr 332
extent_server: get 332
extent_server: getattr 333
extent_server: get 333
extent_server: getattr 334
extent_server: get 334
extent_server: getattr 335
extent_server: get 335
extent_server: getattr 336
extent_server: get 336
extent_server: getattr 337
extent_server: get 337
extent_server: getattr 338
extent_server: get 338
extent_server: getattr 339
extent_server: get 339
extent_server: getattr 1
extent_server: get 1
RPC STATS: 1:2 6001:182 6002:291 6003:262 6005:338 
extent_server: getattr 311
extent_server: get 311
extent_server: getattr 330
extent_server: getattr 331
extent_server: getattr 332
extent_server: getattr 333
extent_server: getattr 334
extent_server: getattr 335
extent_server: getattr 336
extent_server: getattr 337
extent_server: getattr 338
extent_server: getattr 339
extent_server: getattr 1
extent_server: get 1
extent_server: getattr 311
extent_server: get 311
extent_server: create inode
extent_server: get 340
extent_server: get 340
extent_server: getattr 340
extent_server: get 340
RPC STATS: 1:2 6001:186 6002:297 6003:276 6005:339 
extent_server: getattr 340
extent_server: get 340
extent_server: getattr 340
extent_server: get 340
extent_server: getattr 340
extent_server: getattr 340
extent_server: get 340
extent_server: getattr 1
extent_server: get 1
extent_server: getattr 311
extent_server: get 311
extent_server: getattr 340
extent_server: get 340
extent_server: getattr 1
extent_server: get 1
extent_server: getattr 311
extent_server: get 311
extent_server: getattr 340
extent_server: create inode
extent_server: getattr 1
RPC STATS: 1:2 6001:191 6002:306 6003:286 6005:340 
extent_server: get 1
extent_server: getattr 341
extent_server: getattr 1
extent_server: get 1
extent_server: get 341
extent_server: getattr 341
extent_server: create inode
extent_server: get 341
extent_server: create inode
extent_server: get 342
extent_server: get 343
extent_server: getattr 1
extent_server: get 1
extent_server: getattr 1
extent_server: getattr 341
extent_server: get 1
extent_server: getattr 341
extent_server: get 341
extent_server: getattr 341
extent_server: get 341
extent_server: create inode
RPC STATS: 1:2 6001:195 6002:316 6003:294 6005:343 
extent_server: get 341
extent_server: getattr 341
extent_server: create inode
extent_server: get 341
extent_server: get 344
extent_server: getattr 341
extent_server: getattr 341
extent_server: get 345
extent_server: getattr 1
extent_server: get 341
extent_server: get 1
extent_server: create inode
extent_server: getattr 341
extent_server: get 346
extent_server: get 341
extent_server: create inode
extent_server: getattr 1
extent_server: get 1
extent_server: get 347
RPC STATS: 1:2 6001:201 6002:325 6003:301 6005:346 
extent_server: getattr 341
extent_server: get 341
extent_server: create inode
extent_server: getattr 1
extent_server: get 1
extent_server: getattr 341
extent_server: get 348
extent_server: get 341
extent_server: getattr 1
extent_server: get 1
extent_server: create inode
extent_server: getattr 341
extent_server: get 349
extent_server: get 341
extent_server: getattr 1
extent_server: get 1
extent_server: create inode
extent_server: getattr 341
extent_server: get 350
RPC STATS: 1:2 6001:208 6002:334 6003:307 6005:349 
extent_server: get 341
extent_server: create inode
extent_server: getattr 1
extent_server: get 351
extent_server: get 1
extent_server: getattr 341
extent_server: getattr 1
extent_server: get 1
extent_server: getattr 341
extent_server: getattr 341
extent_server: get 341
extent_server: getattr 341
extent_server: get 341
extent_server: create inode
extent_server: get 341
extent_server: getattr 341
extent_server: create inode
extent_server: get 341
extent_server: get 352
extent_server: getattr 341
RPC STATS: 1:2 6001:213 6002:343 6003:315 6005:352 
extent_server: get 353
extent_server: getattr 1
extent_server: get 1
extent_server: getattr 341
extent_server: getattr 1
extent_server: get 1
extent_server: get 341
extent_server: create inode
extent_server: get 341
extent_server: getattr 341
extent_server: create inode
extent_server: get 341
extent_server: get 354
extent_server: getattr 341
extent_server: getattr 341
extent_server: get 355
extent_server: get 341
extent_server: create inode
RPC STATS: 1:2 6001:219 6002:352 6003:322 6005:355 
extent_server: getattr 1
extent_server: get 1
extent_server: getattr 341
extent_server: get 356
extent_server: get 341
extent_server: getattr 1
extent_server: create inode
extent_server: get 1
extent_server: getattr 341
extent_server: get 357
extent_server: get 341
extent_server: getattr 1
extent_server: get 1
extent_server: create inode
extent_server: getattr 341
extent_server: get 358
extent_server: get 341
extent_server: create inode
extent_server: getattr 1
RPC STATS: 1:2 6001:225 6002:362 6003:328 6005:358 
extent_server: get 1
extent_server: get 359
extent_server: getattr 341
extent_server: getattr 1
extent_server: get 1
extent_server: get 341
extent_server: create inode
extent_server: get 360
extent_server: getattr 341
extent_server: get 341
extent_server: create inode
extent_server: get 361
extent_server: getattr 342
extent_server: get 342
extent_server: getattr 345
extent_server: get 345
extent_server: getattr 347
extent_server: get 347
extent_server: getattr 349
extent_server: get 349
RPC STATS: 1:2 6001:230 6002:372 6003:336 6005:360 
extent_server: getattr 351
extent_server: get 351
extent_server: getattr 353
extent_server: get 353
extent_server: getattr 354
extent_server: get 354
extent_server: getattr 356
extent_server: get 356
extent_server: getattr 358
extent_server: get 358
extent_server: getattr 360
extent_server: get 360
extent_server: getattr 1
extent_server: get 1
extent_server: getattr 341
extent_server: get 341
extent_server: getattr 343
extent_server: get 343
extent_server: getattr 344
extent_server: get 344
extent_server: getattr 346
extent_server: get 346
extent_server: getattr 348
extent_server: get 348
RPC STATS: 1:2 6001:231 6002:384 6003:348 6005:360 
extent_server: getattr 350
extent_server: get 350
extent_server: getattr 352
extent_server: get 352
extent_server: getattr 355
extent_server: get 355
extent_server: getattr 357
extent_server: get 357
extent_server: getattr 359
extent_server: get 359
extent_server: getattr 361
extent_server: get 361
extent_server: getattr 1
extent_server: get 1
extent_server: getattr 341
extent_server: get 341
extent_server: getattr 343
extent_server: getattr 344
extent_server: getattr 346
extent_server: getattr 348
extent_server: getattr 350
extent_server: getattr 352
extent_server: getattr 355
extent_server: getattr 357
extent_server: getattr 359
RPC STATS: 1:2 6001:231 6002:392 6003:365 6005:360 
extent_server: getattr 361
extent_server: create inode
extent_server: get 362
extent_server: getattr 1
extent_server: get 1
extent_server: create inode
extent_server: get 363
extent_server: getattr 341
extent_server: getattr 1
extent_server: get 1
extent_server: get 341
extent_server: getattr 362
extent_server: getattr 341
extent_server: get 362
extent_server: get 341
extent_server: create inode
extent_server: get 364
extent_server: getattr 1
extent_server: get 1
extent_server: getattr 341
RPC STATS: 1:2 6001:236 6002:401 6003:373 6005:363 
extent_server: getattr 1
extent_server: get 1
extent_server: get 341
extent_server: getattr 363
extent_server: getattr 341
extent_server: get 363
extent_server: get 341
extent_server: create inode
extent_server: getattr 1
extent_server: get 1
extent_server: get 365
extent_server: getattr 341
extent_server: getattr 1
extent_server: get 1
extent_server: get 341
extent_server: getattr 364
extent_server: getattr 341
extent_server: get 364
extent_server: get 341
extent_server: create inode
RPC STATS: 1:2 6001:241 6002:412 6003:380 6005:365 
extent_server: get 366
extent_server: getattr 1
extent_server: get 1
extent_server: getattr 1
extent_server: getattr 341
extent_server: get 1
extent_server: get 341
extent_server: getattr 341
extent_server: getattr 365
extent_server: get 341
extent_server: create inode
extent_server: get 365
extent_server: get 367
extent_server: getattr 1
extent_server: get 1
extent_server: getattr 1
extent_server: getattr 341
extent_server: get 1
extent_server: getattr 341
extent_server: get 341
RPC STATS: 1:2 6001:246 6002:421 6003:390 6005:366 
extent_server: getattr 366
extent_server: get 341
extent_server: get 366
extent_server: create inode
extent_server: get 368
extent_server: getattr 1
extent_server: get 1
extent_server: getattr 1
extent_server: getattr 341
extent_server: get 1
extent_server: getattr 341
extent_server: get 341
extent_server: getattr 367
extent_server: get 341
extent_server: get 367
extent_server: create inode
extent_server: get 369
extent_server: getattr 1
extent_server: get 1
extent_server: getattr 1
RPC STATS: 1:2 6001:251 6002:431 6003:398 6005:368 
extent_server: getattr 341
extent_server: get 1
extent_server: getattr 341
extent_server: get 341
extent_server: getattr 341
extent_server: get 341
extent_server: create inode
extent_server: getattr 368
extent_server: get 341
extent_server: getattr 341
extent_server: get 370
extent_server: get 368
extent_server: getattr 1
extent_server: get 1
extent_server: create inode
extent_server: get 371
extent_server: getattr 341
extent_server: get 341
extent_server: getattr 369
extent_server: get 369
RPC STATS: 1:2 6001:257 6002:441 6003:405 6005:370 
extent_server: getattr 370
extent_server: get 370
extent_server: getattr 371
extent_server: get 371
extent_server: getattr 1
extent_server: get 1
extent_server: getattr 341
extent_server: get 341
extent_server: getattr 362
extent_server: get 362
extent_server: getattr 363
extent_server: get 363
extent_server: getattr 364
extent_server: get 364
extent_server: getattr 365
extent_server: get 365
extent_server: getattr 366
extent_server: get 366
extent_server: getattr 367
extent_server: get 367
extent_server: getattr 368
extent_server: get 368
RPC STATS: 1:2 6001:259 6002:452 6003:417 6005:370 
extent_server: getattr 369
extent_server: get 369
extent_server: getattr 370
extent_server: get 370
extent_server: getattr 371
extent_server: get 371
extent_server: getattr 1
extent_server: get 1
extent_server: getattr 341
extent_server: get 341
extent_server: getattr 362
extent_server: get 362
extent_server: getattr 363
extent_server: get 363
extent_server: getattr 364
extent_server: get 364
extent_server: getattr 365
extent_server: get 365
extent_server: getattr 366
extent_server: get 366
extent_server: getattr 367
extent_server: get 367
extent_server: getattr 368
extent_server: get 368
extent_server: getattr 369
RPC STATS: 1:2 6001:259 6002:465 6003:429 6005:370 
extent_server: get 369
extent_server: getattr 370
extent_server: get 370
extent_server: getattr 371
extent_server: get 371
extent_server: getattr 1
extent_server: get 1
extent_server: getattr 341
extent_server: get 341
extent_server: getattr 362
extent_server: getattr 363
extent_server: getattr 364
extent_server: getattr 365
extent_server: getattr 366
extent_server: getattr 367
extent_server: getattr 368
extent_server: getattr 369
extent_server: getattr 370
extent_server: getattr 371
extent_server: create inode
extent_server: get 372
extent_server: create inode
extent_server: get 373
RPC STATS: 1:2 6001:261 6002:471 6003:443 6005:373 
extent_server: create inode
extent_server: get 374
extent_server: create inode
extent_server: get 375
extent_server: create inode
extent_server: get 376
extent_server: getattr 1
extent_server: get 1
extent_server: getattr 341
extent_server: get 341
extent_server: create inode
extent_server: get 377
extent_server: create inode
extent_server: get 378
extent_server: create inode
extent_server: get 379
extent_server: create inode
extent_server: get 380
RPC STATS: 1:2 6001:269 6002:480 6003:445 6005:379 
extent_server: create inode
extent_server: get 381
extent_server: getattr 1
extent_server: get 1
extent_server: getattr 372
extent_server: getattr 341
extent_server: get 341
extent_server: create inode
extent_server: get 382
extent_server: get 341
extent_server: getattr 341
extent_server: getattr 341
extent_server: getattr 1
extent_server: get 1
extent_server: getattr 341
extent_server: get 341
extent_server: create inode
extent_server: get 341
extent_server: getattr 341
RPC STATS: 1:2 6001:275 6002:488 6003:453 6005:382 
extent_server: getattr 341
extent_server: get 341
extent_server: getattr 373
extent_server: get 383
extent_server: getattr 1
extent_server: get 1
extent_server: getattr 1
extent_server: get 1
extent_server: getattr 341
extent_server: getattr 341
extent_server: get 341
extent_server: getattr 374
extent_server: getattr 341
extent_server: get 341
extent_server: create inode
extent_server: get 384
extent_server: get 341
extent_server: getattr 341
extent_server: getattr 1
extent_server: get 1
RPC STATS: 1:2 6001:279 6002:497 6003:464 6005:383 
extent_server: getattr 1
extent_server: get 1
extent_server: getattr 341
extent_server: getattr 375
extent_server: get 341
extent_server: get 341
extent_server: getattr 341
extent_server: create inode
extent_server: getattr 341
extent_server: get 341
extent_server: getattr 341
extent_server: get 341
extent_server: getattr 376
extent_server: get 385
extent_server: getattr 1
extent_server: get 1
extent_server: getattr 341
extent_server: get 341
extent_server: create inode
extent_server: get 386
RPC STATS: 1:2 6001:285 6002:506 6003:472 6005:385 
extent_server: create inode
extent_server: get 387
extent_server: create inode
extent_server: get 388
extent_server: create inode
extent_server: get 389
extent_server: create inode
extent_server: get 390
extent_server: create inode
extent_server: get 391
extent_server: getattr 1
extent_server: get 1
extent_server: getattr 341
extent_server: get 341
extent_server: getattr 377
extent_server: getattr 378
extent_server: getattr 379
extent_server: getattr 380
RPC STATS: 1:2 6001:291 6002:513 6003:479 6005:390 
extent_server: getattr 381
extent_server: getattr 382
extent_server: getattr 383
extent_server: getattr 384
extent_server: getattr 385
extent_server: getattr 386
extent_server: getattr 387
extent_server: getattr 388
extent_server: getattr 389
extent_server: getattr 390
extent_server: getattr 391
extent_server: getattr 1
extent_server: get 1
extent_server: getattr 341
extent_server: get 341
extent_server: create inode
extent_server: get 392
extent_server: getattr 392
extent_server: get 392
extent_server: create inode
extent_server: get 393
RPC STATS: 1:2 6001:295 6002:518 6003:493 6005:392 
extent_server: getattr 393
extent_server: get 393
extent_server: create inode
extent_server: get 394
extent_server: getattr 394
extent_server: get 394
extent_server: create inode
extent_server: get 395
extent_server: getattr 395
extent_server: get 395
extent_server: create inode
extent_server: get 396
extent_server: getattr 396
extent_server: get 396
extent_server: create inode
extent_server: get 397
extent_server: getattr 397
RPC STATS: 1:2 6001:303 6002:527 6003:497 6005:396 
extent_server: get 397
extent_server: create inode
extent_server: get 398
extent_server: getattr 398
extent_server: get 398
extent_server: create inode
extent_server: get 399
extent_server: getattr 399
extent_server: get 399
extent_server: create inode
extent_server: get 400
extent_server: getattr 400
extent_server: get 400
extent_server: create inode
extent_server: get 401
extent_server: getattr 401
extent_server: get 401
RPC STATS: 1:2 6001:312 6002:535 6003:501 6005:400 
extent_server: getattr 392
extent_server: get 392
extent_server: getattr 393
extent_server: get 393
extent_server: getattr 394
extent_server: get 394
extent_server: getattr 395
extent_server: get 395
extent_server: getattr 396
extent_server: get 396
extent_server: getattr 397
extent_server: get 397
extent_server: getattr 398
extent_server: get 398
extent_server: getattr 399
extent_server: get 399
extent_server: getattr 400
extent_server: get 400
extent_server: getattr 401
extent_server: get 401
extent_server: create inode
extent_server: get 402
extent_server: get 402
RPC STATS: 1:2 6001:313 6002:547 6003:512 6005:401 
extent_server: getattr 402
extent_server: get 402
extent_server: getattr 402
extent_server: get 402
extent_server: getattr 402
extent_server: get 402
extent_server: getattr 402
extent_server: get 402
extent_server: getattr 402
extent_server: get 402
extent_server: getattr 402
extent_server: get 402
extent_server: getattr 402
extent_server: get 402
extent_server: getattr 402
extent_server: get 402
extent_server: getattr 402
RPC STATS: 1:2 6001:322 6002:555 6003:520 6005:401 
extent_server: get 402
extent_server: getattr 402
extent_server: get 402
extent_server: getattr 402
extent_server: get 402
extent_server: getattr 402
extent_server: get 402
extent_server: getattr 402
extent_server: get 402
extent_server: getattr 402
extent_server: get 402
extent_server: getattr 402
extent_server: getattr 1
extent_server: getattr 402
extent_server: get 1
extent_server: get 402
extent_server: getattr 341
RPC STATS: 1:2 6001:330 6002:563 6003:529 6005:401 
extent_server: get 402
extent_server: getattr 402
extent_server: get 341
extent_server: getattr 402
extent_server: get 402
extent_server: getattr 402
extent_server: get 402
extent_server: get 402
extent_server: getattr 402
extent_server: get 402
extent_server: getattr 402
extent_server: get 402
extent_server: getattr 402
extent_server: get 402
extent_server: getattr 402
extent_server: get 402
extent_server: getattr 402
RPC STATS: 1:2 6001:338 6002:572 6003:537 6005:401 
extent_server: get 402
extent_server: getattr 402
extent_server: get 402
extent_server: getattr 402
extent_server: get 402
extent_server: getattr 402
extent_server: get 402
extent_server: getattr 402
extent_server: get 402
extent_server: getattr 402
extent_server: get 402
extent_server: getattr 402
extent_server: get 402
extent_server: getattr 402
extent_server: get 402
extent_server: getattr 402
RPC STATS: 1:2 6001:346 6002:581 6003:545 6005:401 
extent_server: get 402
extent_server: getattr 402
extent_server: get 402
extent_server: getattr 402
extent_server: get 402
extent_server: getattr 402
extent_server: get 402
extent_server: getattr 402
extent_server: get 402
extent_server: getattr 402
extent_server: get 402
extent_server: getattr 402
extent_server: get 402
extent_server: getattr 402
extent_server: get 402
extent_server: getattr 402
extent_server: get 402
RPC STATS: 1:2 6001:354 6002:589 6003:554 6005:401 
extent_server: getattr 402
extent_server: get 402
extent_server: getattr 402
extent_server: get 402
extent_server: getattr 402
extent_server: get 402
extent_server: getattr 402
extent_server: get 402
extent_server: getattr 402
extent_server: get 402
extent_server: getattr 402
extent_server: get 402
extent_server: getattr 402
extent_server: get 402
extent_server: getattr 402
extent_server: get 402
extent_server: getattr 402
RPC STATS: 1:2 6001:363 6002:597 6003:562 6005:401 
extent_server: get 402
extent_server: getattr 402
extent_server: get 402
extent_server: getattr 402
extent_server: get 402
extent_server: getattr 402
extent_server: get 402
extent_server: getattr 402
extent_server: get 402
extent_server: getattr 402
extent_server: get 402
extent_server: getattr 402
extent_server: get 402
extent_server: getattr 402
extent_server: get 402
extent_server: getattr 402
RPC STATS: 1:2 6001:371 6002:606 6003:570 6005:401 
extent_server: get 402
extent_server: getattr 402
extent_server: get 402
extent_server: getattr 402
extent_server: get 402
extent_server: getattr 402
extent_server: get 402
extent_server: getattr 402
extent_server: get 402
extent_server: getattr 402
extent_server: get 402
extent_server: getattr 402
extent_server: get 402
extent_server: getattr 402
extent_server: get 402
extent_server: getattr 402
extent_server: get 402
RPC STATS: 1:2 6001:379 6002:614 6003:579 6005:401 
extent_server: getattr 402
extent_server: get 402
extent_server: getattr 402
extent_server: get 402
extent_server: getattr 402
extent_server: get 402
extent_server: getattr 402
extent_server: get 402
extent_server: getattr 402
extent_server: get 402
extent_server: getattr 402
extent_server: get 402
extent_server: getattr 402
extent_server: get 402
extent_server: getattr 402
extent_server: get 402
extent_server: getattr 402
RPC STATS: 1:2 6001:388 6002:622 6003:587 6005:401 
extent_server: get 402
extent_server: getattr 402
extent_server: get 402
extent_server: getattr 402
extent_server: get 402
extent_server: getattr 402
extent_server: get 402
extent_server: getattr 402
extent_server: get 402
extent_server: getattr 402
extent_server: get 402
extent_server: getattr 402
extent_server: get 402
extent_server: getattr 402
extent_server: get 402
extent_server: getattr 402
RPC STATS: 1:2 6001:396 6002:631 6003:595 6005:401 
extent_server: get 402
extent_server: getattr 402
extent_server: get 402
extent_server: getattr 402
extent_server: get 402
extent_server: getattr 402
extent_server: get 402
extent_server: getattr 402
extent_server: get 402
extent_server: getattr 402
extent_server: get 402
extent_server: getattr 402
extent_server: get 402
extent_server: getattr 402
extent_server: get 402
extent_server: getattr 402
extent_server: get 402
RPC STATS: 1:2 6001:404 6002:639 6003:604 6005:401 
extent_server: getattr 402
extent_server: get 402
extent_server: getattr 402
extent_server: get 402
extent_server: getattr 402
extent_server: get 402
extent_server: getattr 402
extent_server: get 402
extent_server: getattr 402
extent_server: get 402
extent_server: getattr 402
extent_server: get 402
extent_server: getattr 402
extent_server: get 402
extent_server: getattr 402
extent_server: get 402
extent_server: getattr 402
RPC STATS: 1:2 6001:413 6002:647 6003:612 6005:401 
extent_server: get 402
extent_server: getattr 402
extent_server: get 402
extent_server: getattr 402
extent_server: get 402
extent_server: getattr 402
extent_server: get 402
extent_server: getattr 402
extent_server: get 402
extent_server: getattr 402
extent_server: get 402
extent_server: getattr 402
extent_server: get 402
extent_server: getattr 402
extent_server: get 402
extent_server: getattr 402
RPC STATS: 1:2 6001:421 6002:656 6003:620 6005:401 
extent_server: get 402
extent_server: getattr 402
extent_server: get 402
extent_server: getattr 402
extent_server: get 402
extent_server: getattr 402
extent_server: get 402
extent_server: getattr 402
extent_server: get 402
extent_server: getattr 402
extent_server: get 402
extent_server: getattr 402
extent_server: get 402
extent_server: getattr 402
extent_server: get 402
extent_server: getattr 402
extent_server: get 402
RPC STATS: 1:2 6001:429 6002:664 6003:629 6005:401 
extent_server: getattr 402
extent_server: get 402
extent_server: getattr 402
extent_server: get 402
extent_server: getattr 402
extent_server: get 402
extent_server: getattr 402
extent_server: get 402
extent_server: getattr 402
extent_server: get 402
extent_server: getattr 402
extent_server: get 402
extent_server: getattr 402
extent_server: get 402
extent_server: getattr 402
extent_server: get 402
extent_server: getattr 402
RPC STATS: 1:2 6001:438 6002:672 6003:637 6005:401 
extent_server: get 402
extent_server: getattr 402
extent_server: get 402
extent_server: getattr 402
extent_server: get 402
extent_server: getattr 402
extent_server: get 402
extent_server: getattr 402
extent_server: get 402
extent_server: getattr 402
extent_server: get 402
extent_server: getattr 402
extent_server: get 402
extent_server: getattr 402
extent_server: get 402
extent_server: getattr 402
RPC STATS: 1:2 6001:446 6002:681 6003:645 6005:401 
extent_server: get 402
extent_server: getattr 402
extent_server: get 402
extent_server: getattr 402
extent_server: get 402
extent_server: getattr 402
extent_server: get 402
extent_server: getattr 402
extent_server: get 402
extent_server: getattr 402
extent_server: get 402
extent_server: getattr 402
extent_server: get 402
extent_server: getattr 402
extent_server: get 402
extent_server: getattr 402
extent_server: get 402
RPC STATS: 1:2 6001:454 6002:689 6003:654 6005:401 
extent_server: getattr 402
extent_server: get 402
extent_server: getattr 402
extent_server: get 402
extent_server: getattr 402
extent_server: getattr 1
extent_server: get 1
extent_server: getattr 341
extent_server: get 341
extent_server: getattr 402
extent_server: get 402
extent_server: getattr 1
extent_server: get 1
extent_server: getattr 341
extent_server: get 341
extent_server: getattr 402
extent_server: get 402
extent_server: getattr 1
extent_server: get 1
extent_server: getattr 341
extent_server: get 341
extent_server: getattr 402
RPC STATS: 1:2 6001:457 6002:700 6003:665 6005:401 
extent_server: get 402
extent_server: getattr 1
extent_server: get 1
extent_server: getattr 341
extent_server: get 341
extent_server: getattr 402
extent_server: get 402
extent_server: getattr 1
extent_server: get 1
extent_server: create inode
extent_server: getattr 1
extent_server: get 1
extent_server: create inode
extent_server: getattr 403
extent_server: getattr 1
extent_server: get 1
extent_server: getattr 403
extent_server: get 404
extent_server: create inode
extent_server: get 403
extent_server: get 405
extent_server: create inode
RPC STATS: 1:2 6001:460 6002:710 6003:673 6005:405 
extent_server: get 406
extent_server: getattr 1
extent_server: get 1
extent_server: create inode
extent_server: get 407
extent_server: create inode
extent_server: get 408
extent_server: getattr 1
extent_server: get 1
extent_server: create inode
extent_server: getattr 1
extent_server: get 409
extent_server: get 1
extent_server: create inode
extent_server: getattr 1
extent_server: get 1
extent_server: create inode
extent_server: get 410
extent_server: get 411
RPC STATS: 1:2 6001:466 6002:719 6003:677 6005:411 
extent_server: create inode
extent_server: get 412
extent_server: getattr 1
extent_server: get 1
extent_server: create inode
extent_server: getattr 1
extent_server: get 413
extent_server: get 1
extent_server: create inode
extent_server: get 414
extent_server: getattr 1
extent_server: get 1
extent_server: getattr 1
extent_server: get 1
extent_server: create inode
extent_server: create inode
extent_server: get 415
extent_server: get 416
extent_server: getattr 1
extent_server: get 1
RPC STATS: 1:2 6001:471 6002:729 6003:683 6005:415 
extent_server: getattr 1
extent_server: create inode
extent_server: get 1
extent_server: get 417
extent_server: create inode
extent_server: get 418
extent_server: getattr 1
extent_server: get 1
extent_server: getattr 1
extent_server: get 1
extent_server: create inode
extent_server: get 419
extent_server: create inode
extent_server: get 420
extent_server: getattr 1
extent_server: get 1
extent_server: getattr 1
extent_server: get 1
extent_server: create inode
extent_server: get 421
RPC STATS: 1:2 6001:476 6002:739 6003:687 6005:421 
extent_server: create inode
extent_server: getattr 1
extent_server: get 1
extent_server: get 422
extent_server: create inode
extent_server: get 423
extent_server: create inode
extent_server: get 424
extent_server: getattr 1
extent_server: get 1
extent_server: getattr 406
extent_server: getattr 1
extent_server: get 1
extent_server: getattr 405
extent_server: getattr 407
extent_server: getattr 408
extent_server: getattr 1
extent_server: get 1
extent_server: getattr 1
extent_server: getattr 409
extent_server: get 1
extent_server: getattr 410
RPC STATS: 1:2 6001:479 6002:747 6003:699 6005:423 
extent_server: getattr 1
extent_server: get 1
extent_server: getattr 1
extent_server: get 1
extent_server: getattr 411
extent_server: getattr 413
extent_server: getattr 1
extent_server: get 1
extent_server: getattr 1
extent_server: getattr 412
extent_server: get 1
extent_server: getattr 1
extent_server: get 1
extent_server: getattr 414
extent_server: getattr 415
extent_server: getattr 416
extent_server: getattr 418
extent_server: getattr 1
extent_server: get 1
extent_server: getattr 1
extent_server: get 1
extent_server: getattr 420
extent_server: getattr 417
extent_server: getattr 1
extent_server: get 1
RPC STATS: 1:2 6001:479 6002:755 6003:716 6005:423 
extent_server: getattr 419
extent_server: getattr 421
extent_server: getattr 423
extent_server: getattr 1
extent_server: get 1
extent_server: getattr 1
extent_server: get 1
